<?xml version="1.0" encoding="UTF-8"?>
<!-- Generated by org.testng.reporters.JUnitReportReporter -->
<testsuite hostname="DESKTOP-BPVLSHK" failures="0" tests="3" name="com.sf.qa.testcases.LoginPageTest" time="20.847" errors="0" timestamp="2023-08-26T17:00:36 EDT" skipped="0">
  <testcase classname="com.sf.qa.testcases.LoginPageTest" name="loginPageTitleTest" time="4.915"/>
  <system-out/>
  <testcase classname="com.sf.qa.testcases.LoginPageTest" name="validatePageLogoTest" time="9.579"/>
  <system-out/>
  <testcase classname="com.sf.qa.testcases.LoginPageTest" name="loginTest" time="6.353"/>
  <system-out/>
</testsuite> <!-- com.sf.qa.testcases.LoginPageTest -->
